[debug] [2025-04-04T19:52:24.039Z] ----------------------------------------------------------------------
[debug] [2025-04-04T19:52:24.046Z] Command:       C:\nvm4w\nodejs\node.exe C:\Users\navan\AppData\Roaming\npm\node_modules\firebase-tools\lib\bin\firebase.js init firestore
[debug] [2025-04-04T19:52:24.046Z] CLI Version:   14.1.0
[debug] [2025-04-04T19:52:24.046Z] Platform:      win32
[debug] [2025-04-04T19:52:24.047Z] Node Version:  v20.11.1
[debug] [2025-04-04T19:52:24.047Z] Time:          Sat Apr 05 2025 01:22:24 GMT+0530 (India Standard Time)
[debug] [2025-04-04T19:52:24.047Z] ----------------------------------------------------------------------
[debug] 
[debug] [2025-04-04T19:52:24.051Z] >>> [apiv2][query] GET https://firebase-public.firebaseio.com/cli.json [none]
[debug] [2025-04-04T19:52:24.343Z] > command requires scopes: ["email","openid","https://www.googleapis.com/auth/cloudplatformprojects.readonly","https://www.googleapis.com/auth/firebase","https://www.googleapis.com/auth/cloud-platform"]
[debug] [2025-04-04T19:52:24.343Z] > authorizing via signed-in user (navaneeth3103@gmail.com)
[info] 
     ######## #### ########  ######## ########     ###     ######  ########
     ##        ##  ##     ## ##       ##     ##  ##   ##  ##       ##
     ######    ##  ########  ######   ########  #########  ######  ######
     ##        ##  ##    ##  ##       ##     ## ##     ##       ## ##
     ##       #### ##     ## ######## ########  ##     ##  ######  ########

You're about to initialize a Firebase project in this directory:

  C:\Navneeth\placement-guidance

Before we get started, keep in mind:

  * You are currently outside your home directory
  * You are initializing within an existing Firebase project directory

[debug] [2025-04-04T19:52:24.943Z] <<< [apiv2][status] GET https://firebase-public.firebaseio.com/cli.json 200
[debug] [2025-04-04T19:52:24.943Z] <<< [apiv2][body] GET https://firebase-public.firebaseio.com/cli.json {"cloudBuildErrorAfter":1594252800000,"cloudBuildWarnAfter":1590019200000,"defaultNode10After":1594252800000,"minVersion":"3.0.5","node8DeploysDisabledAfter":1613390400000,"node8RuntimeDisabledAfter":1615809600000,"node8WarnAfter":1600128000000}
